  main.cpp
c:\users\csamano\documents\school\hotel-management-system-software--master\database.h(95): warning C4101: 'row': unreferenced local variable
c:\users\csamano\documents\school\hotel-management-system-software--master\database.h(188): warning C4101: 'row': unreferenced local variable
c:\users\csamano\documents\school\hotel-management-system-software--master\database.h(220): warning C4101: 'row': unreferenced local variable
c:\users\csamano\documents\school\hotel-management-system-software--master\database.h(256): warning C4101: 'row': unreferenced local variable
c:\users\csamano\documents\school\hotel-management-system-software--master\employee.h(65): warning C4267: '=': conversion from 'size_t' to 'int', possible loss of data
c:\users\csamano\documents\school\hotel-management-system-software--master\employee.h(70): warning C4267: '=': conversion from 'size_t' to 'int', possible loss of data
c:\users\csamano\documents\school\hotel-management-system-software--master\employee.h(76): warning C4267: '=': conversion from 'size_t' to 'int', possible loss of data
c:\users\csamano\documents\school\hotel-management-system-software--master\employee.h(103): warning C4267: '=': conversion from 'size_t' to 'int', possible loss of data
c:\users\csamano\documents\school\hotel-management-system-software--master\employee.h(107): warning C4267: '=': conversion from 'size_t' to 'int', possible loss of data
c:\users\csamano\documents\school\hotel-management-system-software--master\employee.h(111): warning C4267: '=': conversion from 'size_t' to 'int', possible loss of data
c:\users\csamano\documents\school\hotel-management-system-software--master\employee.h(115): warning C4267: '=': conversion from 'size_t' to 'int', possible loss of data
c:\users\csamano\documents\school\hotel-management-system-software--master\customer.h(59): warning C4267: '=': conversion from 'size_t' to 'int', possible loss of data
c:\users\csamano\documents\school\hotel-management-system-software--master\customer.h(64): warning C4267: '=': conversion from 'size_t' to 'int', possible loss of data
c:\users\csamano\documents\school\hotel-management-system-software--master\customer.h(69): warning C4267: '=': conversion from 'size_t' to 'int', possible loss of data
c:\users\csamano\documents\school\hotel-management-system-software--master\customer.h(135): warning C4267: '=': conversion from 'size_t' to 'int', possible loss of data
c:\users\csamano\documents\school\hotel-management-system-software--master\customer.h(139): warning C4267: '=': conversion from 'size_t' to 'int', possible loss of data
c:\users\csamano\documents\school\hotel-management-system-software--master\customer.h(144): warning C4267: '=': conversion from 'size_t' to 'int', possible loss of data
c:\users\csamano\documents\school\hotel-management-system-software--master\customer.h(148): warning C4267: '=': conversion from 'size_t' to 'int', possible loss of data
  Generating code
  3 of 552 functions ( 0.5%) were compiled, the rest were copied from previous compilation.
    0 functions were new in current compilation
    3 functions had inline decision re-evaluated but remain unchanged
  Finished generating code
  CIS376Project.vcxproj -> C:\Users\csamano\Documents\School\Hotel-Management-System-Software--master\x64\Release\CIS376Project.exe
